\BOOKMARK [0][-]{section*.1}{\376\377\000A\000B\000S\000T\000R\000A\000C\000T}{}% 1
\BOOKMARK [0][-]{section*.2}{\376\377\013\244\013\277\013\237\013\315\013\237\013\252\013\315\013\252\013\243\013\277\000\040\013\232\013\301\013\260\013\301\013\225\013\315\013\225\013\256\013\315}{}% 2
\BOOKMARK [0][-]{section*.3}{\376\377\000L\000I\000S\000T\000\040\000O\000F\000\040\000T\000A\000B\000L\000E\000S}{}% 3
\BOOKMARK [0][-]{section*.4}{\376\377\000L\000I\000S\000T\000\040\000O\000F\000\040\000F\000I\000G\000U\000R\000E\000S}{}% 4
\BOOKMARK [0][-]{section*.5}{\376\377\000L\000I\000S\000T\000\040\000O\000F\000\040\000A\000B\000B\000R\000E\000V\000I\000A\000T\000I\000O\000N\000S}{}% 5
\BOOKMARK [0][-]{section*.6}{\376\377\000L\000I\000S\000T\000\040\000O\000F\000\040\000S\000Y\000M\000B\000O\000L\000S}{}% 6
\BOOKMARK [0][-]{chapter.1}{\376\377\000I\000n\000t\000r\000o\000d\000u\000c\000t\000i\000o\000n}{}% 7
\BOOKMARK [1][-]{section.1.1}{\376\377\000B\000a\000c\000k\000g\000r\000o\000u\000n\000d\000\040\000o\000f\000\040\000t\000h\000e\000\040\000S\000t\000u\000d\000y}{chapter.1}% 8
\BOOKMARK [1][-]{section.1.2}{\376\377\000P\000r\000o\000b\000l\000e\000m\000\040\000S\000t\000a\000t\000e\000m\000e\000n\000t}{chapter.1}% 9
\BOOKMARK [1][-]{section.1.3}{\376\377\000O\000b\000j\000e\000c\000t\000i\000v\000e\000s\000\040\000o\000f\000\040\000t\000h\000e\000\040\000P\000r\000o\000j\000e\000c\000t}{chapter.1}% 10
\BOOKMARK [1][-]{section.1.4}{\376\377\000S\000c\000o\000p\000e\000\040\000o\000f\000\040\000t\000h\000e\000\040\000W\000o\000r\000k}{chapter.1}% 11
\BOOKMARK [1][-]{section.1.5}{\376\377\000M\000o\000t\000i\000v\000a\000t\000i\000o\000n}{chapter.1}% 12
\BOOKMARK [1][-]{section.1.6}{\376\377\000O\000u\000t\000l\000i\000n\000e\000\040\000o\000f\000\040\000t\000h\000e\000\040\000T\000h\000e\000s\000i\000s}{chapter.1}% 13
\BOOKMARK [0][-]{chapter.2}{\376\377\000R\000e\000l\000a\000t\000e\000d\000\040\000W\000o\000r\000k}{}% 14
\BOOKMARK [1][-]{section.2.1}{\376\377\000O\000v\000e\000r\000v\000i\000e\000w\000\040\000o\000f\000\040\000E\000x\000i\000s\000t\000i\000n\000g\000\040\000S\000y\000s\000t\000e\000m\000s}{chapter.2}% 15
\BOOKMARK [1][-]{section.2.2}{\376\377\000E\000x\000i\000s\000t\000i\000n\000g\000\040\000M\000e\000t\000h\000o\000d\000s\000\040\000a\000n\000d\000\040\000T\000e\000c\000h\000n\000i\000q\000u\000e\000s}{chapter.2}% 16
\BOOKMARK [1][-]{section.2.3}{\376\377\000S\000t\000r\000e\000n\000g\000t\000h\000s\000\040\000a\000n\000d\000\040\000L\000i\000m\000i\000t\000a\000t\000i\000o\000n\000s}{chapter.2}% 17
\BOOKMARK [2][-]{subsection.2.3.1}{\376\377\000A\000d\000v\000a\000n\000t\000a\000g\000e\000s}{section.2.3}% 18
\BOOKMARK [2][-]{subsection.2.3.2}{\376\377\000L\000i\000m\000i\000t\000a\000t\000i\000o\000n\000s}{section.2.3}% 19
\BOOKMARK [1][-]{section.2.4}{\376\377\000R\000e\000s\000e\000a\000r\000c\000h\000\040\000G\000a\000p\000\040\000I\000d\000e\000n\000t\000i\000f\000i\000e\000d}{chapter.2}% 20
\BOOKMARK [0][-]{chapter.3}{\376\377\000P\000r\000o\000p\000o\000s\000e\000d\000\040\000M\000e\000t\000h\000o\000d\000o\000l\000o\000g\000y\000\040\000a\000n\000d\000\040\000S\000y\000s\000t\000e\000m\000\040\000D\000e\000s\000i\000g\000n}{}% 21
\BOOKMARK [1][-]{section.3.1}{\376\377\000O\000v\000e\000r\000a\000l\000l\000\040\000S\000y\000s\000t\000e\000m\000\040\000A\000r\000c\000h\000i\000t\000e\000c\000t\000u\000r\000e}{chapter.3}% 22
\BOOKMARK [2][-]{subsection.3.1.1}{\376\377\000B\000l\000o\000c\000k\000\040\000D\000i\000a\000g\000r\000a\000m}{section.3.1}% 23
\BOOKMARK [3][-]{subsubsection.3.1.1.1}{\376\377\000V\000i\000d\000e\000o\000\040\000I\000n\000p\000u\000t\000\040\000a\000n\000d\000\040\000P\000r\000e\000p\000r\000o\000c\000e\000s\000s\000i\000n\000g}{subsection.3.1.1}% 24
\BOOKMARK [3][-]{subsubsection.3.1.1.2}{\376\377\000R\000G\000B\000\040\000B\000a\000c\000k\000b\000o\000n\000e\000\040\000S\000p\000a\000t\000i\000a\000l\000\040\000F\000e\000a\000t\000u\000r\000e\000s}{subsection.3.1.1}% 25
\BOOKMARK [3][-]{subsubsection.3.1.1.3}{\376\377\000P\000o\000s\000e\000-\000L\000a\000n\000d\000m\000a\000r\000k\000\040\000S\000t\000r\000e\000a\000m\000\040\000F\000e\000a\000t\000u\000r\000e\000s}{subsection.3.1.1}% 26
\BOOKMARK [3][-]{subsubsection.3.1.1.4}{\376\377\000M\000u\000l\000t\000i\000-\000F\000e\000a\000t\000u\000r\000e\000\040\000A\000t\000t\000e\000n\000t\000i\000o\000n\000\040\000M\000e\000c\000h\000a\000n\000i\000s\000m}{subsection.3.1.1}% 27
\BOOKMARK [3][-]{subsubsection.3.1.1.5}{\376\377\000F\000e\000a\000t\000u\000r\000e\000\040\000F\000u\000s\000i\000o\000n}{subsection.3.1.1}% 28
\BOOKMARK [3][-]{subsubsection.3.1.1.6}{\376\377\000S\000e\000q\000u\000e\000n\000c\000e\000\040\000M\000o\000d\000e\000l\000i\000n\000g\000\040}{subsection.3.1.1}% 29
\BOOKMARK [3][-]{subsubsection.3.1.1.7}{\376\377\000T\000e\000m\000p\000o\000r\000a\000l\000\040\000A\000l\000i\000g\000n\000m\000e\000n\000t\000\040\000U\000s\000i\000n\000g\000\040\000C\000T\000C}{subsection.3.1.1}% 30
\BOOKMARK [3][-]{subsubsection.3.1.1.8}{\376\377\000D\000e\000c\000o\000d\000i\000n\000g\000\040\000S\000t\000r\000a\000t\000e\000g\000y\000\040\000\050\000B\000e\000a\000m\000\040\000a\000n\000d\000\040\000G\000r\000e\000e\000d\000y\000\051}{subsection.3.1.1}% 31
\BOOKMARK [3][-]{subsubsection.3.1.1.9}{\376\377\000L\000a\000n\000g\000u\000a\000g\000e\000\040\000a\000n\000d\000\040\000G\000r\000a\000m\000m\000a\000r\000\040\000R\000e\000f\000i\000n\000e\000m\000e\000n\000t}{subsection.3.1.1}% 32
\BOOKMARK [3][-]{subsubsection.3.1.1.10}{\376\377\000O\000u\000t\000p\000u\000t\000\040\000a\000n\000d\000\040\000T\000e\000x\000t\000-\000t\000o\000-\000S\000p\000e\000e\000c\000h}{subsection.3.1.1}% 33
\BOOKMARK [1][-]{section.3.2}{\376\377\000M\000o\000d\000u\000l\000e\000s\000\040\000D\000e\000s\000c\000r\000i\000p\000t\000i\000o\000n}{chapter.3}% 34
\BOOKMARK [2][-]{subsection.3.2.1}{\376\377\000V\000i\000d\000e\000o\000\040\000A\000c\000q\000u\000i\000s\000i\000t\000i\000o\000n\000\040\000a\000n\000d\000\040\000P\000r\000e\000p\000r\000o\000c\000e\000s\000s\000i\000n\000g}{section.3.2}% 35
\BOOKMARK [3][-]{subsubsection.3.2.1.1}{\376\377\000F\000r\000a\000m\000e\000\040\000E\000x\000t\000r\000a\000c\000t\000i\000o\000n\000\040\000a\000n\000d\000\040\000N\000o\000r\000m\000a\000l\000i\000z\000a\000t\000i\000o\000n}{subsection.3.2.1}% 36
\BOOKMARK [3][-]{subsubsection.3.2.1.2}{\376\377\000P\000o\000s\000e\000\040\000a\000n\000d\000\040\000L\000a\000n\000d\000m\000a\000r\000k\000\040\000E\000x\000t\000r\000a\000c\000t\000i\000o\000n}{subsection.3.2.1}% 37
\BOOKMARK [2][-]{subsection.3.2.2}{\376\377\000F\000e\000a\000t\000u\000r\000e\000\040\000E\000x\000t\000r\000a\000c\000t\000i\000o\000n\000\040\000a\000n\000d\000\040\000F\000u\000s\000i\000o\000n}{section.3.2}% 38
\BOOKMARK [3][-]{subsubsection.3.2.2.1}{\376\377\000R\000G\000B\000\040\000F\000e\000a\000t\000u\000r\000e\000\040\000E\000x\000t\000r\000a\000c\000t\000i\000o\000n\000\040\000U\000s\000i\000n\000g\000\040\000R\000e\000s\000N\000e\000t\000\040\000B\000a\000c\000k\000b\000o\000n\000e}{subsection.3.2.2}% 39
\BOOKMARK [3][-]{subsubsection.3.2.2.2}{\376\377\000P\000o\000s\000e\000\040\000E\000n\000c\000o\000d\000i\000n\000g\000\040\000a\000n\000d\000\040\000G\000a\000t\000e\000d\000\040\000F\000u\000s\000i\000o\000n}{subsection.3.2.2}% 40
\BOOKMARK [2][-]{subsection.3.2.3}{\376\377\000C\000o\000n\000t\000i\000n\000u\000o\000u\000s\000\040\000S\000i\000g\000n\000\040\000R\000e\000c\000o\000g\000n\000i\000t\000i\000o\000n}{section.3.2}% 41
\BOOKMARK [3][-]{subsubsection.3.2.3.1}{\376\377\000T\000e\000m\000p\000o\000r\000a\000l\000\040\000M\000o\000d\000e\000l\000i\000n\000g\000\040}{subsection.3.2.3}% 42
\BOOKMARK [3][-]{subsubsection.3.2.3.2}{\376\377\000S\000i\000g\000n\000\040\000P\000r\000e\000d\000i\000c\000t\000i\000o\000n\000\040\000U\000s\000i\000n\000g\000\040\000C\000T\000C\000\040\000D\000e\000c\000o\000d\000e\000r}{subsection.3.2.3}% 43
\BOOKMARK [2][-]{subsection.3.2.4}{\376\377\000L\000a\000n\000g\000u\000a\000g\000e\000\040\000a\000n\000d\000\040\000A\000u\000d\000i\000o\000\040\000O\000u\000t\000p\000u\000t}{section.3.2}% 44
\BOOKMARK [3][-]{subsubsection.3.2.4.1}{\376\377\000S\000e\000n\000t\000e\000n\000c\000e\000\040\000C\000o\000r\000r\000e\000c\000t\000i\000o\000n\000\040\000a\000n\000d\000\040\000C\000a\000p\000t\000i\000o\000n\000\040\000B\000u\000f\000f\000e\000r}{subsection.3.2.4}% 45
\BOOKMARK [3][-]{subsubsection.3.2.4.2}{\376\377\000T\000e\000x\000t\000-\000t\000o\000-\000S\000p\000e\000e\000c\000h\000\040\000O\000u\000t\000p\000u\000t}{subsection.3.2.4}% 46
\BOOKMARK [1][-]{section.3.3}{\376\377\000A\000l\000g\000o\000r\000i\000t\000h\000m}{chapter.3}% 47
\BOOKMARK [2][-]{subsection.3.3.1}{\376\377\000V\000i\000d\000e\000o\000\040\000S\000t\000r\000e\000a\000m\000\040\000C\000a\000p\000t\000u\000r\000e\000\040\000a\000n\000d\000\040\000S\000e\000s\000s\000i\000o\000n\000\040\000I\000n\000i\000t\000i\000a\000l\000i\000z\000a\000t\000i\000o\000n}{section.3.3}% 48
\BOOKMARK [2][-]{subsection.3.3.2}{\376\377\000F\000r\000a\000m\000e\000\040\000S\000a\000m\000p\000l\000i\000n\000g\000,\000\040\000C\000l\000e\000a\000n\000i\000n\000g\000,\000\040\000a\000n\000d\000\040\000N\000o\000r\000m\000a\000l\000i\000z\000a\000t\000i\000o\000n}{section.3.3}% 49
\BOOKMARK [2][-]{subsection.3.3.3}{\376\377\000R\000G\000B\000\040\000B\000a\000c\000k\000b\000o\000n\000e\000\040\000F\000e\000a\000t\000u\000r\000e\000\040\000E\000x\000t\000r\000a\000c\000t\000i\000o\000n}{section.3.3}% 50
\BOOKMARK [2][-]{subsection.3.3.4}{\376\377\000P\000o\000s\000e\000\040\000S\000t\000r\000e\000a\000m\000\040\000F\000e\000a\000t\000u\000r\000e\000\040\000E\000n\000c\000o\000d\000i\000n\000g}{section.3.3}% 51
\BOOKMARK [2][-]{subsection.3.3.5}{\376\377\000G\000a\000t\000e\000d\000\040\000F\000e\000a\000t\000u\000r\000e\000\040\000P\000r\000i\000o\000r\000i\000t\000i\000z\000a\000t\000i\000o\000n\000\040\000a\000n\000d\000\040\000F\000u\000s\000i\000o\000n}{section.3.3}% 52
\BOOKMARK [2][-]{subsection.3.3.6}{\376\377\000M\000u\000l\000t\000i\000m\000o\000d\000a\000l\000\040\000F\000e\000a\000t\000u\000r\000e\000\040\000F\000u\000s\000i\000o\000n}{section.3.3}% 53
\BOOKMARK [2][-]{subsection.3.3.7}{\376\377\000S\000e\000q\000u\000e\000n\000c\000e\000\040\000C\000o\000n\000t\000e\000x\000t\000\040\000M\000o\000d\000e\000l\000i\000n\000g}{section.3.3}% 54
\BOOKMARK [2][-]{subsection.3.3.8}{\376\377\000G\000e\000s\000t\000u\000r\000e\000\040\000T\000o\000k\000e\000n\000\040\000P\000r\000e\000d\000i\000c\000t\000i\000o\000n\000\040\000a\000n\000d\000\040\000V\000a\000l\000i\000d\000a\000t\000i\000o\000n}{section.3.3}% 55
\BOOKMARK [2][-]{subsection.3.3.9}{\376\377\000L\000a\000n\000g\000u\000a\000g\000e\000\040\000R\000e\000n\000d\000e\000r\000i\000n\000g\000\040\000a\000n\000d\000\040\000S\000p\000e\000e\000c\000h\000\040\000S\000y\000n\000t\000h\000e\000s\000i\000s}{section.3.3}% 56
\BOOKMARK [1][-]{section.3.4}{\376\377\000M\000a\000t\000h\000e\000m\000a\000t\000i\000c\000a\000l\000\040\000M\000o\000d\000e\000l\000\040\000/\000\040\000E\000q\000u\000a\000t\000i\000o\000n\000s}{chapter.3}% 57
\BOOKMARK [2][-]{subsection.3.4.1}{\376\377\000I\000n\000p\000u\000t\000\040\000S\000t\000a\000n\000d\000a\000r\000d\000i\000z\000a\000t\000i\000o\000n}{section.3.4}% 58
\BOOKMARK [2][-]{subsection.3.4.2}{\376\377\000S\000p\000a\000t\000i\000a\000l\000\040\000a\000n\000d\000\040\000P\000o\000s\000e\000\040\000F\000e\000a\000t\000u\000r\000e\000\040\000E\000n\000c\000o\000d\000i\000n\000g}{section.3.4}% 59
\BOOKMARK [2][-]{subsection.3.4.3}{\376\377\000I\000m\000p\000l\000e\000m\000e\000n\000t\000e\000d\000\040\000F\000u\000s\000i\000o\000n\000\040\000M\000o\000d\000e\000l\000s}{section.3.4}% 60
\BOOKMARK [2][-]{subsection.3.4.4}{\376\377\000T\000e\000m\000p\000o\000r\000a\000l\000\040\000M\000o\000d\000e\000l\000i\000n\000g\000\040\000a\000n\000d\000\040\000L\000o\000g\000i\000t\000\040\000P\000r\000o\000j\000e\000c\000t\000i\000o\000n}{section.3.4}% 61
\BOOKMARK [2][-]{subsection.3.4.5}{\376\377\000C\000T\000C\000\040\000O\000b\000j\000e\000c\000t\000i\000v\000e\000\040\000a\000n\000d\000\040\000D\000e\000c\000o\000d\000i\000n\000g}{section.3.4}% 62
\BOOKMARK [2][-]{subsection.3.4.6}{\376\377\000C\000o\000n\000f\000i\000d\000e\000n\000c\000e\000\040\000a\000n\000d\000\040\000O\000u\000t\000p\000u\000t\000\040\000R\000e\000n\000d\000e\000r\000i\000n\000g}{section.3.4}% 63
\BOOKMARK [2][-]{subsection.3.4.7}{\376\377\000E\000v\000a\000l\000u\000a\000t\000i\000o\000n\000\040\000M\000e\000t\000r\000i\000c\000s}{section.3.4}% 64
\BOOKMARK [1][-]{section.3.5}{\376\377\000W\000o\000r\000k\000f\000l\000o\000w\000\040\000/\000\040\000P\000r\000o\000c\000e\000s\000s\000\040\000F\000l\000o\000w}{chapter.3}% 65
\BOOKMARK [2][-]{subsection.3.5.1}{\376\377\000O\000p\000e\000r\000a\000t\000i\000o\000n\000a\000l\000\040\000M\000o\000d\000e\000s\000\040\000a\000n\000d\000\040\000R\000u\000n\000t\000i\000m\000e\000\040\000R\000o\000u\000t\000i\000n\000g}{section.3.5}% 66
\BOOKMARK [2][-]{subsection.3.5.2}{\376\377\000B\000a\000t\000c\000h\000\040\000I\000n\000f\000e\000r\000e\000n\000c\000e\000\040\000P\000r\000o\000c\000e\000s\000s\000\040\000F\000l\000o\000w\000\040}{section.3.5}% 67
\BOOKMARK [2][-]{subsection.3.5.3}{\376\377\000L\000i\000v\000e\000\040\000S\000t\000r\000e\000a\000m\000i\000n\000g\000\040\000P\000r\000o\000c\000e\000s\000s\000\040\000F\000l\000o\000w\000\040\000\050\000S\000l\000i\000d\000i\000n\000g\000\040\000W\000i\000n\000d\000o\000w\000\051}{section.3.5}% 68
\BOOKMARK [2][-]{subsection.3.5.4}{\376\377\000T\000r\000a\000i\000n\000i\000n\000g\000-\000t\000o\000-\000D\000e\000p\000l\000o\000y\000m\000e\000n\000t\000\040\000P\000r\000o\000c\000e\000s\000s\000\040\000F\000l\000o\000w}{section.3.5}% 69
\BOOKMARK [2][-]{subsection.3.5.5}{\376\377\000P\000r\000o\000c\000e\000s\000s\000\040\000I\000n\000t\000e\000g\000r\000i\000t\000y\000\040\000a\000n\000d\000\040\000F\000a\000i\000l\000u\000r\000e\000\040\000H\000a\000n\000d\000l\000i\000n\000g}{section.3.5}% 70
\BOOKMARK [0][-]{chapter.4}{\376\377\000I\000m\000p\000l\000e\000m\000e\000n\000t\000a\000t\000i\000o\000n\000\040\000a\000n\000d\000\040\000R\000e\000s\000u\000l\000t\000s}{}% 71
\BOOKMARK [1][-]{section.4.1}{\376\377\000I\000m\000p\000l\000e\000m\000e\000n\000t\000a\000t\000i\000o\000n\000\040\000E\000n\000v\000i\000r\000o\000n\000m\000e\000n\000t}{chapter.4}% 72
\BOOKMARK [2][-]{subsection.4.1.1}{\376\377\000S\000o\000f\000t\000w\000a\000r\000e\000\040\000a\000n\000d\000\040\000F\000r\000a\000m\000e\000w\000o\000r\000k\000\040\000S\000t\000a\000c\000k}{section.4.1}% 73
\BOOKMARK [2][-]{subsection.4.1.2}{\376\377\000M\000o\000d\000e\000l\000\040\000E\000x\000e\000c\000u\000t\000i\000o\000n\000\040\000E\000n\000v\000i\000r\000o\000n\000m\000e\000n\000t}{section.4.1}% 74
\BOOKMARK [2][-]{subsection.4.1.3}{\376\377\000D\000e\000p\000l\000o\000y\000m\000e\000n\000t\000\040\000a\000n\000d\000\040\000R\000u\000n\000t\000i\000m\000e\000\040\000C\000o\000n\000f\000i\000g\000u\000r\000a\000t\000i\000o\000n}{section.4.1}% 75
\BOOKMARK [2][-]{subsection.4.1.4}{\376\377\000P\000r\000a\000c\000t\000i\000c\000a\000l\000\040\000H\000a\000r\000d\000w\000a\000r\000e\000\040\000P\000r\000o\000f\000i\000l\000e}{section.4.1}% 76
\BOOKMARK [1][-]{section.4.2}{\376\377\000D\000a\000t\000a\000s\000e\000t\000\040\000/\000\040\000I\000n\000p\000u\000t\000\040\000D\000e\000s\000c\000r\000i\000p\000t\000i\000o\000n}{chapter.4}% 77
\BOOKMARK [2][-]{subsection.4.2.1}{\376\377\000D\000a\000t\000a\000s\000e\000t\000\040\000S\000o\000u\000r\000c\000e\000\040\000a\000n\000d\000\040\000O\000r\000g\000a\000n\000i\000z\000a\000t\000i\000o\000n}{section.4.2}% 78
\BOOKMARK [2][-]{subsection.4.2.2}{\376\377\000M\000o\000d\000e\000l\000\040\000I\000n\000p\000u\000t\000\040\000R\000e\000p\000r\000e\000s\000e\000n\000t\000a\000t\000i\000o\000n}{section.4.2}% 79
\BOOKMARK [2][-]{subsection.4.2.3}{\376\377\000P\000r\000e\000p\000r\000o\000c\000e\000s\000s\000i\000n\000g\000\040\000a\000n\000d\000\040\000S\000t\000a\000n\000d\000a\000r\000d\000i\000z\000a\000t\000i\000o\000n}{section.4.2}% 80
\BOOKMARK [2][-]{subsection.4.2.4}{\376\377\000I\000n\000f\000e\000r\000e\000n\000c\000e\000\040\000I\000n\000p\000u\000t\000\040\000M\000o\000d\000e\000s}{section.4.2}% 81
\BOOKMARK [1][-]{section.4.3}{\376\377\000T\000e\000s\000t\000\040\000C\000a\000s\000e\000s}{chapter.4}% 82
\BOOKMARK [2][-]{subsection.4.3.1}{\376\377\000T\000e\000s\000t\000\040\000S\000c\000o\000p\000e\000\040\000a\000n\000d\000\040\000S\000t\000r\000a\000t\000e\000g\000y}{section.4.3}% 83
\BOOKMARK [2][-]{subsection.4.3.2}{\376\377\000R\000e\000a\000l\000-\000T\000i\000m\000e\000\040\000W\000o\000r\000d\000-\000L\000e\000v\000e\000l\000\040\000T\000e\000s\000t\000\040\000C\000a\000s\000e\000s}{section.4.3}% 84
\BOOKMARK [1][-]{section.4.4}{\376\377\000R\000e\000s\000u\000l\000t\000s\000\040\000a\000n\000d\000\040\000D\000i\000s\000c\000u\000s\000s\000i\000o\000n}{chapter.4}% 85
\BOOKMARK [2][-]{subsection.4.4.1}{\376\377\000K\000e\000y\000\040\000O\000b\000s\000e\000r\000v\000a\000t\000i\000o\000n\000s}{section.4.4}% 86
\BOOKMARK [2][-]{subsection.4.4.2}{\376\377\000P\000e\000r\000f\000o\000r\000m\000a\000n\000c\000e\000\040\000M\000e\000t\000r\000i\000c\000s}{section.4.4}% 87
\BOOKMARK [2][-]{subsection.4.4.3}{\376\377\000I\000n\000t\000e\000r\000m\000e\000d\000i\000a\000t\000e\000\040\000O\000u\000t\000p\000u\000t\000s}{section.4.4}% 88
\BOOKMARK [2][-]{subsection.4.4.4}{\376\377\000R\000e\000s\000u\000l\000t\000\040\000A\000n\000a\000l\000y\000s\000i\000s}{section.4.4}% 89
\BOOKMARK [0][-]{chapter.5}{\376\377\000C\000o\000n\000c\000l\000u\000s\000i\000o\000n\000\040\000a\000n\000d\000\040\000F\000u\000t\000u\000r\000e\000\040\000W\000o\000r\000k}{}% 90
\BOOKMARK [1][-]{section.5.1}{\376\377\000S\000u\000m\000m\000a\000r\000y\000\040\000o\000f\000\040\000t\000h\000e\000\040\000W\000o\000r\000k}{chapter.5}% 91
\BOOKMARK [1][-]{section.5.2}{\376\377\000A\000c\000h\000i\000e\000v\000e\000m\000e\000n\000t\000s}{chapter.5}% 92
\BOOKMARK [1][-]{section.5.3}{\376\377\000L\000i\000m\000i\000t\000a\000t\000i\000o\000n\000s}{chapter.5}% 93
\BOOKMARK [1][-]{section.5.4}{\376\377\000F\000u\000t\000u\000r\000e\000\040\000W\000o\000r\000k}{chapter.5}% 94
\BOOKMARK [0][-]{section*.23}{\376\377\000A\000P\000P\000E\000N\000D\000I\000X}{}% 95
\BOOKMARK [0][-]{chapter.appendix.1}{\376\377\000A\000d\000d\000i\000t\000i\000o\000n\000a\000l\000\040\000M\000a\000t\000e\000r\000i\000a\000l}{}% 96
\BOOKMARK [1][-]{section.appendix.1.1}{\376\377\000K\000e\000y\000\040\000A\000l\000g\000o\000r\000i\000t\000h\000m\000s}{chapter.appendix.1}% 97
\BOOKMARK [1][-]{section.appendix.1.2}{\376\377\000R\000e\000p\000r\000o\000d\000u\000c\000i\000b\000i\000l\000i\000t\000y\000\040\000C\000h\000e\000c\000k\000l\000i\000s\000t}{chapter.appendix.1}% 98
\BOOKMARK [1][-]{section.appendix.1.3}{\376\377\000C\000o\000n\000f\000i\000g\000u\000r\000a\000t\000i\000o\000n\000\040\000S\000n\000a\000p\000s\000h\000o\000t}{chapter.appendix.1}% 99
\BOOKMARK [1][-]{section.appendix.1.4}{\376\377\000A\000d\000d\000i\000t\000i\000o\000n\000a\000l\000\040\000N\000o\000t\000e\000s\000\040\000o\000n\000\040\000D\000e\000p\000l\000o\000y\000m\000e\000n\000t}{chapter.appendix.1}% 100
\BOOKMARK [0][-]{section*.25}{\376\377\000R\000E\000F\000E\000R\000E\000N\000C\000E\000S}{}% 101
